2019-05-31 00:00:48,313 | 2EA9D28ED4C24445A513C886C4B45312 | INFO com.everis.controllers.StudentClassController [http-nio-8081-exec-4] Los students por ids se listaron
2019-05-31 00:01:00,731 | 5C132BFBCBED4E3A99ECD9A8769DE9D4 | INFO com.everis.controllers.StudentClassController [http-nio-8081-exec-8] Los students por ids se listaron
2019-05-31 00:01:10,348 | FB399BA845D54CD5AB5DAF8CCF33D972 | INFO com.everis.controllers.StudentClassController [http-nio-8081-exec-9] Los students por ids se listaron
2019-05-31 00:02:01,735 | 46F14F22223749D9A42521DB713224F5 | INFO com.everis.controllers.ClassController [http-nio-8081-exec-2] Las Clases Fueron Listadas
2019-05-31 00:02:18,290 | 20501CF67F314707A40DE7986FCCD25A | INFO com.everis.controllers.StudentClassController [http-nio-8081-exec-3] Los students por ids se listaron
2019-05-31 00:02:35,439 | BA43A60987C74B988987DFE23DBA5CA9 | INFO com.everis.controllers.StudentClassController [http-nio-8081-exec-5] Los students por ids se listaron
2019-05-31 00:02:52,091 | D221941733A04AF2AD7CF58C3A7AEEDD | INFO com.everis.controllers.StudentClassController [http-nio-8081-exec-7] Los students por ids se listaron
2019-05-31 00:04:10,372 | 1A55FE774525400188FE3AF9C1FEFE59 | INFO com.everis.controllers.StudentClassController [http-nio-8081-exec-8] Los students por ids se listaron
2019-05-31 00:05:25,316 | 539588F5089A4BF6ACF8E5EAFF611066 | INFO com.everis.controllers.StudentClassController [http-nio-8081-exec-9] Los students por ids se listaron
2019-05-31 00:05:36,259 | D708B8B00FBC49F39ADC683A0975B644 | INFO com.everis.controllers.ClassController [http-nio-8081-exec-1] Una Clase Fue Buscada
2019-05-31 00:07:42,071 | 083C5A6475DA44F0922999F6DD6AFB32 | INFO com.everis.controllers.StudentClassController [http-nio-8081-exec-6] Los StudentClass fueron Listados
2019-05-31 00:09:55,238 |  | INFO org.springframework.boot.SpringApplication [restartedMain] No active profile set, falling back to default profiles: default
2019-05-31 00:10:03,640 |  | DEBUG org.springframework.web.filter.GenericFilterBean [restartedMain] Filter 'slf4jMDCFilter' configured for use
2019-05-31 00:10:07,671 |  | INFO org.springframework.boot.StartupInfoLogger [restartedMain] Started ProyectoApplication in 13.34 seconds (JVM running for 2453.244)
2019-05-31 00:24:07,205 |  | INFO org.springframework.boot.SpringApplication [main] No active profile set, falling back to default profiles: default
2019-05-31 00:24:39,746 |  | INFO org.springframework.boot.SpringApplication [restartedMain] No active profile set, falling back to default profiles: default
2019-05-31 00:24:43,592 |  | INFO org.springframework.boot.StartupInfoLogger [main] Started ClassControllerTest in 55.823 seconds (JVM running for 86.006)
2019-05-31 00:24:44,232 | B70502FD00324861AFB3BB82876B1B17 | INFO com.everis.controllers.ClassController [main] Las Clases Fueron Listadas
2019-05-31 00:24:45,332 | 703D4C04218B4E48A0C39FDDE533A039 | INFO com.everis.controllers.ClassController [main] Una Clase Fue Buscada
2019-05-31 00:24:46,907 |  | INFO org.springframework.boot.SpringApplication [main] No active profile set, falling back to default profiles: default
2019-05-31 00:24:49,818 |  | INFO org.springframework.boot.StartupInfoLogger [main] Started SubjectControllerTest in 4.387 seconds (JVM running for 92.233)
2019-05-31 00:24:49,831 | E86D2553704647DC90A0188A83D3CC59 | INFO com.everis.controllers.SubjectController [main] Los Subjects Fueron Listados
2019-05-31 00:24:49,868 | A6EB80478A5E44B38F5AE10F0C748377 | INFO com.everis.controllers.SubjectController [main] Un Subject Fue Buscado
2019-05-31 00:24:51,322 |  | INFO org.springframework.boot.SpringApplication [main] No active profile set, falling back to default profiles: default
2019-05-31 00:24:54,195 |  | INFO org.springframework.boot.StartupInfoLogger [main] Started TeacherControllerTest in 4.251 seconds (JVM running for 96.609)
2019-05-31 00:24:54,204 | 56B5C1127BA244FDB51372708C69DD0C | INFO com.everis.controllers.TeacherController [main] Los Teachers Fueron Listados
2019-05-31 00:24:54,337 | D345A84257C94313AE2F553D86571146 | INFO com.everis.controllers.TeacherController [main] Un Teacher Fue Buscado
2019-05-31 00:24:55,678 |  | INFO org.springframework.boot.SpringApplication [main] No active profile set, falling back to default profiles: default
2019-05-31 00:25:35,909 |  | DEBUG org.springframework.web.filter.GenericFilterBean [restartedMain] Filter 'slf4jMDCFilter' configured for use
2019-05-31 00:26:12,701 |  | INFO org.springframework.boot.StartupInfoLogger [restartedMain] Started ProyectoApplication in 101.077 seconds (JVM running for 3418.274)
2019-05-31 00:26:20,041 |  | INFO org.springframework.boot.StartupInfoLogger [main] Started ProyectoApplicationTests in 85.558 seconds (JVM running for 182.456)
2019-05-31 00:50:51,041 |  | INFO org.springframework.boot.SpringApplication [restartedMain] No active profile set, falling back to default profiles: default
2019-05-31 00:50:54,212 |  | DEBUG org.springframework.web.filter.GenericFilterBean [restartedMain] Filter 'slf4jMDCFilter' configured for use
2019-05-31 00:51:00,697 |  | INFO org.springframework.boot.StartupInfoLogger [restartedMain] Started ProyectoApplication in 10.463 seconds (JVM running for 4906.27)
2019-05-31 09:10:13,010 |  | INFO org.springframework.boot.SpringApplication [restartedMain] No active profile set, falling back to default profiles: default
2019-05-31 09:10:22,370 |  | DEBUG org.springframework.web.filter.GenericFilterBean [restartedMain] Filter 'slf4jMDCFilter' configured for use
2019-05-31 09:11:10,024 |  | INFO org.springframework.boot.StartupInfoLogger [restartedMain] Started ProyectoApplication in 58.081 seconds (JVM running for 34914.853)
2019-05-31 09:14:33,382 |  | INFO org.springframework.boot.SpringApplication [restartedMain] No active profile set, falling back to default profiles: default
2019-05-31 09:14:44,902 |  | INFO org.springframework.boot.StartupInfoLogger [restartedMain] Started ProyectoApplication in 12.548 seconds (JVM running for 35129.728)
2019-05-31 09:15:10,766 |  | INFO org.springframework.boot.SpringApplication [restartedMain] No active profile set, falling back to default profiles: default
2019-05-31 09:15:16,953 |  | DEBUG org.springframework.web.filter.GenericFilterBean [restartedMain] Filter 'slf4jMDCFilter' configured for use
2019-05-31 09:15:22,103 |  | INFO org.springframework.boot.StartupInfoLogger [restartedMain] Started ProyectoApplication in 13.372 seconds (JVM running for 35166.923)
2019-05-31 09:15:55,869 |  | INFO org.springframework.boot.SpringApplication [main] No active profile set, falling back to default profiles: default
2019-05-31 09:16:08,636 |  | INFO org.springframework.boot.StartupInfoLogger [main] Started ClassControllerTest in 27.379 seconds (JVM running for 56.197)
2019-05-31 09:16:10,714 | 5C33525B0F1047399C07CE40330B385D | INFO com.everis.controllers.ClassController [main] Las Clases Fueron Listadas
2019-05-31 09:16:12,440 | B4E84914A41249F2A6146317E2AE2E77 | INFO com.everis.controllers.ClassController [main] Una Clase Fue Buscada
2019-05-31 09:16:14,184 |  | INFO org.springframework.boot.SpringApplication [main] No active profile set, falling back to default profiles: default
2019-05-31 09:16:17,517 |  | INFO org.springframework.boot.StartupInfoLogger [main] Started SubjectControllerTest in 4.925 seconds (JVM running for 65.068)
2019-05-31 09:16:17,545 | 9D75E5E767E843528F386529301C967B | INFO com.everis.controllers.SubjectController [main] Los Subjects Fueron Listados
2019-05-31 09:16:17,657 | 8EC42F837AB14B1882C742F8109C6BB1 | INFO com.everis.controllers.SubjectController [main] Un Subject Fue Buscado
2019-05-31 09:16:19,166 |  | INFO org.springframework.boot.SpringApplication [main] No active profile set, falling back to default profiles: default
2019-05-31 09:16:21,598 |  | INFO org.springframework.boot.StartupInfoLogger [main] Started TeacherControllerTest in 3.733 seconds (JVM running for 69.147)
2019-05-31 09:16:21,614 | 6BC84036A9D34403925C0CCA3E92A9AF | INFO com.everis.controllers.TeacherController [main] Los Teachers Fueron Listados
2019-05-31 09:16:21,694 | 92756DED363541C4A1B6424FE1F727B3 | INFO com.everis.controllers.TeacherController [main] Un Teacher Fue Buscado
2019-05-31 09:16:23,532 |  | INFO org.springframework.boot.SpringApplication [main] No active profile set, falling back to default profiles: default
2019-05-31 09:17:08,558 |  | INFO org.springframework.boot.StartupInfoLogger [main] Started ProyectoApplicationTests in 46.644 seconds (JVM running for 116.094)
2019-05-31 09:31:13,278 |  | INFO org.springframework.boot.SpringApplication [restartedMain] No active profile set, falling back to default profiles: default
2019-05-31 09:31:19,269 |  | DEBUG org.springframework.web.filter.GenericFilterBean [restartedMain] Filter 'slf4jMDCFilter' configured for use
2019-05-31 09:31:33,569 |  | INFO org.springframework.boot.StartupInfoLogger [restartedMain] Started ProyectoApplication in 22.56 seconds (JVM running for 24.215)
2019-05-31 09:32:10,809 | 81A20E084F0D49F09511C63C65C6C5D3 | INFO com.everis.controllers.ClassController [http-nio-8081-exec-7] Las Clases Fueron Listadas
2019-05-31 09:34:21,173 | 4EEE21277D7541528F80A9A21337C807 | INFO com.everis.controllers.TeacherController [http-nio-8081-exec-10] Los Teachers Fueron Listados
2019-05-31 09:37:36,960 | BFA2FB0CFDC040F8B485A0E01A4BCCAC | INFO com.everis.controllers.StudentClassController [http-nio-8081-exec-10] Los students por ids se listaron
2019-05-31 09:44:41,972 |  | INFO org.springframework.boot.SpringApplication [restartedMain] No active profile set, falling back to default profiles: default
2019-05-31 09:44:44,806 |  | DEBUG org.springframework.web.filter.GenericFilterBean [restartedMain] Filter 'slf4jMDCFilter' configured for use
2019-05-31 09:44:48,864 |  | INFO org.springframework.boot.StartupInfoLogger [restartedMain] Started ProyectoApplication in 8.225 seconds (JVM running for 819.491)
2019-05-31 09:45:32,613 |  | INFO org.springframework.boot.SpringApplication [restartedMain] No active profile set, falling back to default profiles: default
2019-05-31 09:45:34,817 |  | DEBUG org.springframework.web.filter.GenericFilterBean [restartedMain] Filter 'slf4jMDCFilter' configured for use
2019-05-31 09:45:37,834 |  | INFO org.springframework.boot.StartupInfoLogger [restartedMain] Started ProyectoApplication in 6.036 seconds (JVM running for 868.471)
2019-05-31 09:46:14,455 | B7386E9A08DC4D23A673A7A77E8A7951 | INFO com.everis.controllers.StudentClassController [http-nio-8081-exec-5] Los students por ids se listaron
2019-05-31 09:47:29,307 | 595356D4B071473A8ECF67C59B48D0F9 | INFO com.everis.controllers.StudentClassController [http-nio-8081-exec-8] Los students por ids se listaron
2019-05-31 09:53:20,676 | 7526CF124F4A4831B1A3D18D91339E88 | INFO com.everis.controllers.StudentClassController [http-nio-8081-exec-9] Los students por ids se listaron
2019-05-31 10:32:32,986 |  | INFO org.springframework.boot.SpringApplication [main] No active profile set, falling back to default profiles: default
2019-05-31 10:32:38,421 |  | INFO org.springframework.boot.StartupInfoLogger [main] Started SubjectControllerTest in 9.316 seconds (JVM running for 14.916)
2019-05-31 10:32:38,677 | 9D55FCF63148456882D2D129AE091739 | INFO com.everis.controllers.SubjectController [main] Los Subjects Fueron Listados
2019-05-31 10:32:39,121 | D271DEB409F742E0B68CF63E7B06FBBC | INFO com.everis.controllers.SubjectController [main] Un Subject Fue Buscado
2019-05-31 10:32:39,137 | B5C111F09AD04BD7A11FE432E235A8A8 | INFO com.everis.controllers.SubjectController [main] Un Subject Fue Buscado
2019-05-31 10:34:31,966 |  | INFO org.springframework.boot.SpringApplication [main] No active profile set, falling back to default profiles: default
2019-05-31 10:34:36,532 |  | INFO org.springframework.boot.StartupInfoLogger [main] Started SubjectControllerTest in 7.303 seconds (JVM running for 9.543)
2019-05-31 10:42:42,156 |  | INFO org.springframework.boot.SpringApplication [main] No active profile set, falling back to default profiles: default
2019-05-31 10:42:46,752 |  | INFO org.springframework.boot.StartupInfoLogger [main] Started SubjectControllerTest in 8.122 seconds (JVM running for 10.043)
2019-05-31 10:43:06,423 |  | INFO org.springframework.boot.SpringApplication [main] No active profile set, falling back to default profiles: default
2019-05-31 10:43:11,010 |  | INFO org.springframework.boot.StartupInfoLogger [main] Started SubjectControllerTest in 7.667 seconds (JVM running for 9.605)
2019-05-31 10:45:04,697 |  | INFO org.springframework.boot.SpringApplication [main] No active profile set, falling back to default profiles: default
2019-05-31 10:45:09,070 |  | INFO org.springframework.boot.StartupInfoLogger [main] Started SubjectControllerTest in 7.593 seconds (JVM running for 9.505)
2019-05-31 10:45:58,461 |  | INFO org.springframework.boot.SpringApplication [main] No active profile set, falling back to default profiles: default
2019-05-31 10:46:02,969 |  | INFO org.springframework.boot.StartupInfoLogger [main] Started SubjectControllerTest in 7.589 seconds (JVM running for 9.759)
2019-05-31 10:46:03,109 | D5355FB7D23F4C3AA48CCBF938B75378 | INFO com.everis.controllers.SubjectController [main] Los Subjects Fueron Listados
2019-05-31 10:46:03,445 | 61D374B3F6184079B45E68C8808E7C18 | INFO com.everis.controllers.SubjectController [main] Un Subject Fue Buscado
2019-05-31 10:47:49,019 |  | INFO org.springframework.boot.SpringApplication [main] No active profile set, falling back to default profiles: default
2019-05-31 10:47:53,892 |  | INFO org.springframework.boot.StartupInfoLogger [main] Started SubjectControllerTest in 7.943 seconds (JVM running for 10.264)
2019-05-31 10:48:05,451 |  | INFO org.springframework.boot.SpringApplication [main] No active profile set, falling back to default profiles: default
2019-05-31 10:48:10,163 |  | INFO org.springframework.boot.StartupInfoLogger [main] Started SubjectControllerTest in 7.496 seconds (JVM running for 9.957)
2019-05-31 10:49:04,557 |  | INFO org.springframework.boot.SpringApplication [main] No active profile set, falling back to default profiles: default
2019-05-31 10:49:09,462 |  | INFO org.springframework.boot.StartupInfoLogger [main] Started SubjectControllerTest in 7.94 seconds (JVM running for 9.848)
2019-05-31 10:49:23,943 |  | INFO org.springframework.boot.SpringApplication [main] No active profile set, falling back to default profiles: default
2019-05-31 10:49:28,511 |  | INFO org.springframework.boot.StartupInfoLogger [main] Started SubjectControllerTest in 7.241 seconds (JVM running for 9.826)
2019-05-31 10:50:27,182 |  | INFO org.springframework.boot.SpringApplication [main] No active profile set, falling back to default profiles: default
2019-05-31 10:50:31,649 |  | INFO org.springframework.boot.StartupInfoLogger [main] Started SubjectControllerTest in 7.38 seconds (JVM running for 9.508)
2019-05-31 10:51:09,811 |  | INFO org.springframework.boot.SpringApplication [main] No active profile set, falling back to default profiles: default
2019-05-31 10:51:14,203 |  | INFO org.springframework.boot.StartupInfoLogger [main] Started SubjectControllerTest in 8.005 seconds (JVM running for 10.054)
2019-05-31 10:52:16,920 |  | INFO org.springframework.boot.SpringApplication [main] No active profile set, falling back to default profiles: default
2019-05-31 10:52:21,228 |  | INFO org.springframework.boot.StartupInfoLogger [main] Started SubjectControllerTest in 7.237 seconds (JVM running for 9.169)
2019-05-31 10:53:02,429 |  | INFO org.springframework.boot.SpringApplication [main] No active profile set, falling back to default profiles: default
2019-05-31 10:53:06,844 |  | INFO org.springframework.boot.StartupInfoLogger [main] Started SubjectControllerTest in 7.391 seconds (JVM running for 9.384)
2019-05-31 10:53:47,033 |  | INFO org.springframework.boot.SpringApplication [main] No active profile set, falling back to default profiles: default
2019-05-31 10:53:51,498 |  | INFO org.springframework.boot.StartupInfoLogger [main] Started SubjectControllerTest in 7.061 seconds (JVM running for 9.201)
2019-05-31 10:56:31,611 |  | INFO org.springframework.boot.SpringApplication [main] No active profile set, falling back to default profiles: default
2019-05-31 10:56:36,385 |  | INFO org.springframework.boot.StartupInfoLogger [main] Started SubjectControllerTest in 7.741 seconds (JVM running for 9.795)
2019-05-31 10:57:20,093 |  | INFO org.springframework.boot.SpringApplication [main] No active profile set, falling back to default profiles: default
2019-05-31 10:57:25,116 |  | INFO org.springframework.boot.StartupInfoLogger [main] Started SubjectControllerTest in 8.346 seconds (JVM running for 10.211)
2019-05-31 10:57:25,428 | C814E7912BC440B3983B555BA4E62799 | INFO com.everis.controllers.SubjectController [main] Los Subjects Fueron Listados
2019-05-31 10:57:25,784 | 633083BFA9B347819EAF089439CAE469 | INFO com.everis.controllers.SubjectController [main] Un Subject Fue Buscado
2019-05-31 11:00:47,479 |  | INFO org.springframework.boot.SpringApplication [main] No active profile set, falling back to default profiles: default
2019-05-31 11:00:51,738 |  | INFO org.springframework.boot.StartupInfoLogger [main] Started SubjectControllerTest in 7.765 seconds (JVM running for 9.611)
2019-05-31 11:03:01,482 |  | INFO org.springframework.boot.SpringApplication [main] No active profile set, falling back to default profiles: default
2019-05-31 11:03:05,703 |  | INFO org.springframework.boot.StartupInfoLogger [main] Started SubjectControllerTest in 6.725 seconds (JVM running for 8.604)
2019-05-31 11:03:48,497 |  | INFO org.springframework.boot.SpringApplication [main] No active profile set, falling back to default profiles: default
2019-05-31 11:03:53,813 |  | INFO org.springframework.boot.StartupInfoLogger [main] Started SubjectControllerTest in 8.684 seconds (JVM running for 10.562)
2019-05-31 11:03:54,041 | 2473A1AC50864266A587E69A56C4C6F8 | INFO com.everis.controllers.SubjectController [main] Los Subjects Fueron Listados
2019-05-31 11:03:54,740 | 1F10277179CB4DD7983F15278B8C1818 | INFO com.everis.controllers.SubjectController [main] Un Subject Fue Buscado
2019-05-31 11:04:09,168 |  | INFO org.springframework.boot.SpringApplication [main] No active profile set, falling back to default profiles: default
2019-05-31 11:04:14,137 |  | INFO org.springframework.boot.StartupInfoLogger [main] Started TeacherControllerTest in 8.036 seconds (JVM running for 10.2)
2019-05-31 11:04:14,271 | 9C50744292214C7CA5FF30BE7CAC7339 | INFO com.everis.controllers.TeacherController [main] Los Teachers Fueron Listados
2019-05-31 11:04:14,597 | 135B71F01D424FB4960D0E8A27EC30E5 | INFO com.everis.controllers.TeacherController [main] Un Teacher Fue Buscado
2019-05-31 11:04:31,134 |  | INFO org.springframework.boot.SpringApplication [main] No active profile set, falling back to default profiles: default
2019-05-31 11:04:35,577 |  | INFO org.springframework.boot.StartupInfoLogger [main] Started ClassControllerTest in 7.541 seconds (JVM running for 9.315)
2019-05-31 11:04:35,755 | 43A21AF515394FEAAF5D73D7B361759E | INFO com.everis.controllers.ClassController [main] Las Clases Fueron Listadas
2019-05-31 11:04:36,169 | 9A0E10A0791B4E7CB0C133FB728A8337 | INFO com.everis.controllers.ClassController [main] Una Clase Fue Buscada
2019-05-31 11:05:27,375 |  | INFO org.springframework.boot.SpringApplication [main] No active profile set, falling back to default profiles: default
2019-05-31 11:05:32,076 |  | INFO org.springframework.boot.StartupInfoLogger [main] Started SubjectControllerTest in 7.585 seconds (JVM running for 9.381)
2019-05-31 11:05:32,345 | 3230F6B37B8348C29349C860AE9DDD49 | INFO com.everis.controllers.SubjectController [main] Los Subjects Fueron Listados
2019-05-31 11:05:32,686 | 6BD3E0ED01514D99ACFAF730B54E147D | INFO com.everis.controllers.SubjectController [main] Un Subject Fue Buscado
2019-05-31 11:07:33,351 |  | INFO org.springframework.boot.SpringApplication [main] No active profile set, falling back to default profiles: default
2019-05-31 11:07:38,323 |  | INFO org.springframework.boot.StartupInfoLogger [main] Started SubjectControllerTest in 8.373 seconds (JVM running for 10.416)
2019-05-31 11:07:38,618 | EFD77BC06BCB4F6AA3EDF1B5B761801F | INFO com.everis.controllers.SubjectController [main] Los Subjects Fueron Listados
2019-05-31 11:07:38,714 | CFB301D410E0465881EF331CD71AF0F4 | INFO com.everis.controllers.SubjectController [main] Los Subjects Fueron Listados
2019-05-31 11:07:38,950 | 639371A9B4F84ECDA4E47D6E7CFB18D5 | INFO com.everis.controllers.SubjectController [main] Un Subject Fue Buscado
2019-05-31 11:13:07,801 |  | INFO org.springframework.boot.SpringApplication [main] No active profile set, falling back to default profiles: default
2019-05-31 11:13:12,395 |  | INFO org.springframework.boot.StartupInfoLogger [main] Started SubjectControllerTest in 7.554 seconds (JVM running for 9.504)
2019-05-31 11:13:12,535 | 8A7792655F7541D381B72CE5D443FAB9 | INFO com.everis.controllers.SubjectController [main] Los Subjects Fueron Listados
2019-05-31 11:13:12,665 | 2F480F2C8D0E48E88D6AC4B4DBA714E7 | INFO com.everis.controllers.SubjectController [main] Los Subjects Fueron Listados
2019-05-31 11:13:12,866 | A4D8742407724474B549BC533A907FB3 | INFO com.everis.controllers.SubjectController [main] Un Subject Fue Buscado
2019-05-31 11:13:47,709 |  | INFO org.springframework.boot.SpringApplication [main] No active profile set, falling back to default profiles: default
2019-05-31 11:13:51,931 |  | INFO org.springframework.boot.StartupInfoLogger [main] Started SubjectControllerTest in 6.713 seconds (JVM running for 8.527)
2019-05-31 11:13:52,085 | CF2F4272FD1B4C039786CD2ED2C0F510 | INFO com.everis.controllers.SubjectController [main] Los Subjects Fueron Listados
2019-05-31 11:15:52,899 |  | INFO org.springframework.boot.SpringApplication [main] No active profile set, falling back to default profiles: default
2019-05-31 11:15:57,203 |  | INFO org.springframework.boot.StartupInfoLogger [main] Started SubjectControllerTest in 6.721 seconds (JVM running for 8.654)
2019-05-31 11:15:57,367 | 0DD4E4A2485A4B2DAB4904B61BFB5C1A | INFO com.everis.controllers.SubjectController [main] Los Subjects Fueron Listados
2019-05-31 11:17:33,141 |  | INFO org.springframework.boot.SpringApplication [main] No active profile set, falling back to default profiles: default
2019-05-31 11:17:36,932 |  | INFO org.springframework.boot.StartupInfoLogger [main] Started SubjectControllerTest in 6.633 seconds (JVM running for 8.395)
2019-05-31 11:17:37,067 | 44E80014D739407EBDF4D24BE0476C44 | INFO com.everis.controllers.SubjectController [main] Los Subjects Fueron Listados
2019-05-31 11:17:37,138 | 1E1A338159314164B5541D3E3DE31249 | INFO com.everis.controllers.SubjectController [main] Los Subjects Fueron Listados
2019-05-31 11:17:37,372 | 7E9A1A2700394999BDA61B4697E76C66 | INFO com.everis.controllers.SubjectController [main] Un Subject Fue Buscado
2019-05-31 11:19:56,920 |  | INFO org.springframework.boot.SpringApplication [main] No active profile set, falling back to default profiles: default
2019-05-31 11:20:01,375 |  | INFO org.springframework.boot.StartupInfoLogger [main] Started SubjectControllerTest in 7.019 seconds (JVM running for 8.686)
2019-05-31 11:20:01,523 | ACF5138718C940898B684D8A8D0E8E67 | INFO com.everis.controllers.SubjectController [main] Los Subjects Fueron Listados
2019-05-31 11:20:54,683 |  | INFO org.springframework.boot.SpringApplication [main] No active profile set, falling back to default profiles: default
2019-05-31 11:20:58,661 |  | INFO org.springframework.boot.StartupInfoLogger [main] Started SubjectControllerTest in 6.53 seconds (JVM running for 8.498)
2019-05-31 11:22:46,505 |  | INFO org.springframework.boot.SpringApplication [main] No active profile set, falling back to default profiles: default
2019-05-31 11:22:50,623 |  | INFO org.springframework.boot.StartupInfoLogger [main] Started SubjectControllerTest in 6.896 seconds (JVM running for 8.623)
2019-05-31 11:23:31,264 |  | INFO org.springframework.boot.SpringApplication [main] No active profile set, falling back to default profiles: default
2019-05-31 11:23:35,522 |  | INFO org.springframework.boot.StartupInfoLogger [main] Started SubjectControllerTest in 7.325 seconds (JVM running for 9.181)
2019-05-31 11:23:59,479 |  | INFO org.springframework.boot.SpringApplication [main] No active profile set, falling back to default profiles: default
2019-05-31 11:24:03,997 |  | INFO org.springframework.boot.StartupInfoLogger [main] Started SubjectControllerTest in 7.666 seconds (JVM running for 9.444)
2019-05-31 11:24:04,196 | A53D36CEBCFC497594232D260FACDE13 | INFO com.everis.controllers.SubjectController [main] Los Subjects Fueron Listados
2019-05-31 11:24:04,285 | 9405C7696A604DBAAEB990092DA99D9A | INFO com.everis.controllers.SubjectController [main] Los Subjects Fueron Listados
2019-05-31 11:24:04,712 | F6850475199C492FA0D7E871AA905C4C | INFO com.everis.controllers.SubjectController [main] Un Subject Fue Buscado
2019-05-31 11:25:47,988 |  | INFO org.springframework.boot.SpringApplication [main] No active profile set, falling back to default profiles: default
2019-05-31 11:25:52,362 |  | INFO org.springframework.boot.StartupInfoLogger [main] Started SubjectControllerTest in 6.757 seconds (JVM running for 8.603)
2019-05-31 11:26:50,641 |  | INFO org.springframework.boot.SpringApplication [main] No active profile set, falling back to default profiles: default
2019-05-31 11:26:55,004 |  | INFO org.springframework.boot.StartupInfoLogger [main] Started SubjectControllerTest in 6.965 seconds (JVM running for 9.079)
2019-05-31 11:26:55,248 | C0B4C6EE463A4A8A8E8E2EAFBCA78818 | INFO com.everis.controllers.SubjectController [main] Los Subjects Fueron Listados
2019-05-31 11:26:55,513 | BD4A4A4CFAE14AF6828BBCC3CF1E60B0 | INFO com.everis.controllers.SubjectController [main] Un Subject Fue Buscado
2019-05-31 11:28:49,947 |  | INFO org.springframework.boot.SpringApplication [main] No active profile set, falling back to default profiles: default
2019-05-31 11:28:55,075 |  | INFO org.springframework.boot.StartupInfoLogger [main] Started ClassControllerTest in 8.458 seconds (JVM running for 10.94)
2019-05-31 11:31:00,782 |  | INFO org.springframework.boot.SpringApplication [main] No active profile set, falling back to default profiles: default
2019-05-31 11:31:04,558 |  | INFO org.springframework.boot.StartupInfoLogger [main] Started ClassControllerTest in 6.539 seconds (JVM running for 8.264)
2019-05-31 11:32:56,311 |  | INFO org.springframework.boot.SpringApplication [main] No active profile set, falling back to default profiles: default
2019-05-31 11:33:01,043 |  | INFO org.springframework.boot.StartupInfoLogger [main] Started ClassControllerTest in 7.174 seconds (JVM running for 8.951)
2019-05-31 11:35:56,287 |  | INFO org.springframework.boot.SpringApplication [main] No active profile set, falling back to default profiles: default
2019-05-31 11:36:00,541 |  | INFO org.springframework.boot.StartupInfoLogger [main] Started TeacherControllerTest in 7.363 seconds (JVM running for 9.126)
2019-05-31 11:36:15,897 |  | INFO org.springframework.boot.SpringApplication [main] No active profile set, falling back to default profiles: default
2019-05-31 11:36:20,934 |  | INFO org.springframework.boot.StartupInfoLogger [main] Started TeacherControllerTest in 8.19 seconds (JVM running for 10.637)
2019-05-31 11:37:26,043 |  | INFO org.springframework.boot.SpringApplication [main] No active profile set, falling back to default profiles: default
2019-05-31 11:37:30,995 |  | INFO org.springframework.boot.StartupInfoLogger [main] Started TeacherControllerTest in 7.432 seconds (JVM running for 9.657)
2019-05-31 11:38:54,187 |  | INFO org.springframework.boot.SpringApplication [main] No active profile set, falling back to default profiles: default
2019-05-31 11:38:58,982 |  | INFO org.springframework.boot.StartupInfoLogger [main] Started SubjectControllerTest in 7.28 seconds (JVM running for 9.615)
2019-05-31 11:39:11,667 |  | INFO org.springframework.boot.SpringApplication [main] No active profile set, falling back to default profiles: default
2019-05-31 11:39:16,824 |  | INFO org.springframework.boot.StartupInfoLogger [main] Started SubjectControllerTest in 7.896 seconds (JVM running for 9.993)
2019-05-31 11:39:59,755 |  | INFO org.springframework.boot.SpringApplication [main] No active profile set, falling back to default profiles: default
2019-05-31 11:40:04,350 |  | INFO org.springframework.boot.StartupInfoLogger [main] Started SubjectControllerTest in 7.443 seconds (JVM running for 9.285)
2019-05-31 11:45:15,141 |  | INFO org.springframework.boot.SpringApplication [main] No active profile set, falling back to default profiles: default
2019-05-31 11:45:21,206 |  | INFO org.springframework.boot.StartupInfoLogger [main] Started SubjectControllerTest in 9.396 seconds (JVM running for 11.428)
2019-05-31 11:45:35,515 |  | INFO org.springframework.boot.SpringApplication [main] No active profile set, falling back to default profiles: default
2019-05-31 11:45:40,367 |  | INFO org.springframework.boot.StartupInfoLogger [main] Started SubjectControllerTest in 8.243 seconds (JVM running for 10.637)
2019-05-31 11:46:31,631 |  | INFO org.springframework.boot.SpringApplication [main] No active profile set, falling back to default profiles: default
2019-05-31 11:46:36,704 |  | INFO org.springframework.boot.StartupInfoLogger [main] Started SubjectControllerTest in 7.966 seconds (JVM running for 9.788)
2019-05-31 11:47:37,026 |  | INFO org.springframework.boot.SpringApplication [main] No active profile set, falling back to default profiles: default
2019-05-31 11:47:41,966 |  | INFO org.springframework.boot.StartupInfoLogger [main] Started SubjectControllerTest in 7.782 seconds (JVM running for 9.695)
2019-05-31 11:48:23,437 |  | INFO org.springframework.boot.SpringApplication [main] No active profile set, falling back to default profiles: default
2019-05-31 11:48:27,833 |  | INFO org.springframework.boot.StartupInfoLogger [main] Started SubjectControllerTest in 6.761 seconds (JVM running for 9.601)
2019-05-31 11:48:47,136 |  | INFO org.springframework.boot.SpringApplication [main] No active profile set, falling back to default profiles: default
2019-05-31 11:48:51,930 |  | INFO org.springframework.boot.StartupInfoLogger [main] Started SubjectControllerTest in 8.541 seconds (JVM running for 10.446)
2019-05-31 11:49:40,907 |  | INFO org.springframework.boot.SpringApplication [main] No active profile set, falling back to default profiles: default
2019-05-31 11:49:45,602 |  | INFO org.springframework.boot.StartupInfoLogger [main] Started TeacherControllerTest in 8.163 seconds (JVM running for 10.228)
2019-05-31 11:50:25,668 |  | INFO org.springframework.boot.SpringApplication [main] No active profile set, falling back to default profiles: default
2019-05-31 11:50:30,970 |  | INFO org.springframework.boot.StartupInfoLogger [main] Started TeacherControllerTest in 8.331 seconds (JVM running for 10.666)
2019-05-31 11:51:34,343 |  | INFO org.springframework.boot.SpringApplication [main] No active profile set, falling back to default profiles: default
2019-05-31 11:51:39,523 |  | INFO org.springframework.boot.StartupInfoLogger [main] Started ClassControllerTest in 8.241 seconds (JVM running for 10.441)
2019-05-31 11:52:05,812 |  | INFO org.springframework.boot.SpringApplication [main] No active profile set, falling back to default profiles: default
2019-05-31 11:52:11,274 |  | INFO org.springframework.boot.StartupInfoLogger [main] Started ClassControllerTest in 9.861 seconds (JVM running for 12.302)
2019-05-31 11:52:48,455 |  | INFO org.springframework.boot.SpringApplication [main] No active profile set, falling back to default profiles: default
2019-05-31 11:52:52,958 |  | INFO org.springframework.boot.StartupInfoLogger [main] Started ClassControllerTest in 7.251 seconds (JVM running for 9.431)
2019-05-31 11:52:53,210 | 59AA8BFD00E44923B389E12296B91693 | INFO com.everis.controllers.ClassController [main] Las Clases Fueron Listadas
2019-05-31 11:52:53,506 | 2298D8E931BA429692550158B0E4FB37 | INFO com.everis.controllers.ClassController [main] Una Clase Fue Buscada
2019-05-31 11:53:10,653 |  | INFO org.springframework.boot.SpringApplication [main] No active profile set, falling back to default profiles: default
2019-05-31 11:53:15,131 |  | INFO org.springframework.boot.StartupInfoLogger [main] Started TeacherControllerTest in 7.51 seconds (JVM running for 9.666)
2019-05-31 11:53:15,478 | D1C452E24FC5466BA88AEB818671A812 | INFO com.everis.controllers.TeacherController [main] Los Teachers Fueron Listados
2019-05-31 11:53:15,839 | 376077BA2D934DAB8D1D112C5AB5F675 | INFO com.everis.controllers.TeacherController [main] Un Teacher Fue Buscado
2019-05-31 11:53:29,867 |  | INFO org.springframework.boot.SpringApplication [main] No active profile set, falling back to default profiles: default
2019-05-31 11:53:34,322 |  | INFO org.springframework.boot.StartupInfoLogger [main] Started SubjectControllerTest in 7.584 seconds (JVM running for 10.029)
2019-05-31 11:53:34,646 | 603E6982DB8B45CCB16FE07AF91A8D16 | INFO com.everis.controllers.SubjectController [main] Los Subjects Fueron Listados
2019-05-31 11:53:34,996 | 1C6AF380E29643DA864C184B7D460C75 | INFO com.everis.controllers.SubjectController [main] Un Subject Fue Buscado
