2019-05-30 01:29:39,059 |  | INFO org.springframework.boot.SpringApplication [restartedMain] No active profile set, falling back to default profiles: default
2019-05-30 01:29:45,505 |  | DEBUG org.springframework.web.filter.GenericFilterBean [restartedMain] Filter 'slf4jMDCFilter' configured for use
2019-05-30 01:34:57,272 |  | INFO org.springframework.boot.SpringApplication [restartedMain] No active profile set, falling back to default profiles: default
2019-05-30 01:35:12,395 |  | DEBUG org.springframework.web.filter.GenericFilterBean [restartedMain] Filter 'slf4jMDCFilter' configured for use
2019-05-30 01:36:20,544 |  | INFO org.springframework.boot.SpringApplication [restartedMain] No active profile set, falling back to default profiles: default
2019-05-30 01:36:25,519 |  | DEBUG org.springframework.web.filter.GenericFilterBean [restartedMain] Filter 'slf4jMDCFilter' configured for use
2019-05-30 01:37:23,701 |  | INFO org.springframework.boot.SpringApplication [restartedMain] No active profile set, falling back to default profiles: default
2019-05-30 01:37:28,355 |  | DEBUG org.springframework.web.filter.GenericFilterBean [restartedMain] Filter 'slf4jMDCFilter' configured for use
2019-05-30 01:37:45,184 |  | INFO org.springframework.boot.StartupInfoLogger [restartedMain] Started ProjectEverisApplication in 23.264 seconds (JVM running for 24.521)
2019-05-30 01:40:05,299 | 3289BD46994F4A38BDA586CEDA2FFFD0 | INFO com.everis.controllers.StudentController [http-nio-8091-exec-2] Los Student fueron listados
2019-05-30 01:41:21,535 | 2044FB8B5AAA492FACAF8DBDC9F26700 | INFO com.everis.controllers.StudentController [http-nio-8091-exec-5] Student fue insertado
2019-05-30 01:41:31,681 | 4467327EA2534687B2F6F002271B2124 | INFO com.everis.controllers.StudentController [http-nio-8091-exec-6] Student fue insertado
2019-05-30 01:41:47,092 | 59A4BA99610E480A8792ACFFA860DC16 | INFO com.everis.controllers.StudentController [http-nio-8091-exec-10] Student fue insertado
2019-05-30 01:41:51,611 | BE38963CBA4E487396D127AECA81C0B7 | INFO com.everis.controllers.StudentController [http-nio-8091-exec-8] Student fue insertado
2019-05-30 01:41:59,881 | BD99DE7165544CE5A24BE88023E67EEF | INFO com.everis.controllers.StudentController [http-nio-8091-exec-7] Student fue insertado
2019-05-30 01:42:03,546 | EE7C30E1C5DC46EB970AEF0D5AFD126B | INFO com.everis.controllers.StudentController [http-nio-8091-exec-9] Los Student fueron listados
2019-05-30 17:53:27,530 |  | INFO org.springframework.boot.SpringApplication [restartedMain] No active profile set, falling back to default profiles: default
2019-05-30 17:53:33,106 |  | DEBUG org.springframework.web.filter.GenericFilterBean [restartedMain] Filter 'slf4jMDCFilter' configured for use
2019-05-30 17:53:45,432 |  | INFO org.springframework.boot.StartupInfoLogger [restartedMain] Started ProjectEverisApplication in 19.917 seconds (JVM running for 22.476)
2019-05-30 18:15:01,371 | D50FB23A3C60418D9D0B157D57C96F30 | INFO com.everis.controllers.StudentController [http-nio-8091-exec-4] Los Student fueron listados
2019-05-30 18:29:32,131 | 693F1EA54F6F42FBB70BB67E8EEA8764 | INFO com.everis.controllers.StudentController [http-nio-8091-exec-7] Los Student fueron listados
2019-05-30 18:47:06,797 | 5AE87EFA751941958A41B78C226938CB | INFO com.everis.controllers.StudentController [http-nio-8091-exec-1] Los Student fueron listados
2019-05-30 18:49:12,755 | 1E9F1DB528774618837E1ECCAB472F27 | INFO com.everis.controllers.StudentController [http-nio-8091-exec-5] Los Student fueron listados
2019-05-30 19:13:31,790 |  | INFO org.springframework.boot.SpringApplication [restartedMain] No active profile set, falling back to default profiles: default
2019-05-30 19:13:36,687 |  | DEBUG org.springframework.web.filter.GenericFilterBean [restartedMain] Filter 'slf4jMDCFilter' configured for use
2019-05-30 19:13:40,725 |  | INFO org.springframework.boot.StartupInfoLogger [restartedMain] Started ProjectEverisApplication in 10.278 seconds (JVM running for 4817.736)
2019-05-30 23:27:15,110 |  | INFO org.springframework.boot.SpringApplication [restartedMain] No active profile set, falling back to default profiles: default
2019-05-30 23:27:22,816 |  | DEBUG org.springframework.web.filter.GenericFilterBean [restartedMain] Filter 'slf4jMDCFilter' configured for use
2019-05-30 23:27:32,783 |  | INFO org.springframework.boot.StartupInfoLogger [restartedMain] Started ProjectEverisApplication in 20.032 seconds (JVM running for 21.905)
2019-05-30 23:39:25,935 |  | INFO org.springframework.boot.SpringApplication [restartedMain] No active profile set, falling back to default profiles: default
2019-05-30 23:39:29,391 |  | DEBUG org.springframework.web.filter.GenericFilterBean [restartedMain] Filter 'slf4jMDCFilter' configured for use
2019-05-30 23:39:32,513 |  | INFO org.springframework.boot.StartupInfoLogger [restartedMain] Started ProjectEverisApplication in 8.064 seconds (JVM running for 741.635)
2019-05-30 23:39:48,807 |  | INFO org.springframework.boot.SpringApplication [restartedMain] No active profile set, falling back to default profiles: default
2019-05-30 23:39:51,303 |  | DEBUG org.springframework.web.filter.GenericFilterBean [restartedMain] Filter 'slf4jMDCFilter' configured for use
2019-05-30 23:39:55,078 |  | INFO org.springframework.boot.StartupInfoLogger [restartedMain] Started ProjectEverisApplication in 7.126 seconds (JVM running for 764.2)
2019-05-30 23:40:07,184 |  | INFO org.springframework.boot.SpringApplication [restartedMain] No active profile set, falling back to default profiles: default
2019-05-30 23:40:09,909 |  | DEBUG org.springframework.web.filter.GenericFilterBean [restartedMain] Filter 'slf4jMDCFilter' configured for use
2019-05-30 23:40:11,987 |  | INFO org.springframework.boot.StartupInfoLogger [restartedMain] Started ProjectEverisApplication in 5.573 seconds (JVM running for 781.109)
2019-05-30 23:42:48,227 | 5CAEA924C2AE44ED8314A1769E03E594 | INFO com.everis.controllers.StudentController [http-nio-8091-exec-5] Los Student fueron listados
2019-05-30 23:46:52,226 | 834F824753B74D669D862BB50A2792C9 | INFO com.everis.controllers.StudentController [http-nio-8091-exec-10] Los Student fueron listados
2019-05-30 23:47:02,901 | 8FFF2EA02A484D988067511E5F2EAC77 | INFO com.everis.controllers.StudentController [http-nio-8091-exec-1] Los Student fueron listados
2019-05-31 09:31:42,477 |  | INFO org.springframework.boot.SpringApplication [restartedMain] No active profile set, falling back to default profiles: default
2019-05-31 09:31:48,441 |  | DEBUG org.springframework.web.filter.GenericFilterBean [restartedMain] Filter 'slf4jMDCFilter' configured for use
2019-05-31 09:31:55,908 |  | INFO org.springframework.boot.StartupInfoLogger [restartedMain] Started ProjectEverisApplication in 15.903 seconds (JVM running for 17.62)
2019-05-31 09:32:34,396 | 265EA1C7BA454E88AAFA8C967F933BF0 | INFO com.everis.controllers.StudentController [http-nio-8091-exec-5] Los Student fueron listados
2019-05-31 09:34:10,017 | DE1454C52E5D421DA66106475DBA3CAC | INFO com.everis.controllers.StudentController [http-nio-8091-exec-8] Los Student fueron listados
2019-05-31 09:45:57,284 | 1036BB7F98004FA6829A8C861220AA3A | INFO com.everis.controllers.StudentController [http-nio-8091-exec-2] Los Student fueron listados
2019-05-31 13:08:26,479 |  | INFO org.springframework.boot.SpringApplication [main] No active profile set, falling back to default profiles: default
2019-05-31 13:08:56,933 |  | INFO org.springframework.boot.StartupInfoLogger [main] Started ProjectEverisApplicationTests in 33.653 seconds (JVM running for 35.774)
2019-05-31 13:17:40,278 |  | INFO org.springframework.boot.SpringApplication [main] No active profile set, falling back to default profiles: default
2019-05-31 13:35:42,760 |  | INFO org.springframework.boot.SpringApplication [main] No active profile set, falling back to default profiles: default
2019-05-31 13:36:55,665 |  | INFO org.springframework.boot.StartupInfoLogger [main] Started ProjectEverisApplicationTests in 77.52 seconds (JVM running for 81.342)
2019-05-31 13:42:47,528 |  | INFO org.springframework.boot.SpringApplication [restartedMain] No active profile set, falling back to default profiles: default
2019-05-31 13:42:53,241 |  | DEBUG org.springframework.web.filter.GenericFilterBean [restartedMain] Filter 'slf4jMDCFilter' configured for use
2019-05-31 13:43:02,017 |  | INFO org.springframework.boot.StartupInfoLogger [restartedMain] Started ProjectEverisApplication in 16.84 seconds (JVM running for 20.648)
2019-05-31 14:18:52,142 |  | INFO org.springframework.boot.SpringApplication [restartedMain] No active profile set, falling back to default profiles: default
2019-05-31 14:19:07,517 |  | DEBUG org.springframework.web.filter.GenericFilterBean [restartedMain] Filter 'slf4jMDCFilter' configured for use
2019-05-31 14:19:30,582 |  | INFO org.springframework.boot.StartupInfoLogger [restartedMain] Started ProjectEverisApplication in 40.651 seconds (JVM running for 2209.186)
2019-05-31 14:46:06,146 |  | INFO org.springframework.boot.SpringApplication [main] No active profile set, falling back to default profiles: default
2019-05-31 14:46:46,406 |  | INFO org.springframework.boot.StartupInfoLogger [main] Started ProjectEverisApplicationTests in 44.251 seconds (JVM running for 46.816)
2019-05-31 15:30:43,054 |  | INFO org.springframework.boot.SpringApplication [main] No active profile set, falling back to default profiles: default
2019-05-31 15:31:53,881 |  | INFO org.springframework.boot.StartupInfoLogger [main] Started ProjectEverisApplicationTests in 77.029 seconds (JVM running for 79.219)
2019-05-31 15:34:33,949 |  | INFO org.springframework.boot.SpringApplication [main] No active profile set, falling back to default profiles: default
2019-05-31 15:34:58,401 |  | INFO org.springframework.boot.StartupInfoLogger [main] Started ProjectEverisApplicationTests in 27.478 seconds (JVM running for 29.43)
2019-05-31 15:59:52,760 |  | INFO org.springframework.boot.SpringApplication [restartedMain] No active profile set, falling back to default profiles: default
2019-05-31 16:00:35,929 |  | DEBUG org.springframework.web.filter.GenericFilterBean [restartedMain] Filter 'slf4jMDCFilter' configured for use
2019-05-31 16:01:22,806 |  | INFO org.springframework.boot.StartupInfoLogger [restartedMain] Started ProjectEverisApplication in 108.624 seconds (JVM running for 117.423)
2019-05-31 16:10:46,335 | BBE4182514674422AEB861C4BD1C1D63 | INFO com.everis.controllers.StudentController [http-nio-8091-exec-1] Los Student fueron listados
2019-05-31 17:27:44,649 | 9CE19DB0A2B1425685777911E135C53F | INFO com.everis.controllers.StudentController [http-nio-8091-exec-6] Los Student fueron listados
