2019-05-28 12:59:23,838 |  | INFO org.springframework.boot.SpringApplication [restartedMain] No active profile set, falling back to default profiles: default
2019-05-28 12:59:31,862 |  | DEBUG org.springframework.web.filter.GenericFilterBean [restartedMain] Filter 'slf4jMDCFilter' configured for use
2019-05-28 12:59:41,338 |  | INFO org.springframework.boot.StartupInfoLogger [restartedMain] Started ProyectoApplication in 20.277 seconds (JVM running for 22.186)
2019-05-28 13:00:17,326 | FD24DD34876F4CC9A260D6039067313B | INFO com.everis.controllers.SubjectController [http-nio-8081-exec-2] Los Subjects Fueron Listados
2019-05-28 13:04:12,305 |  | INFO org.springframework.boot.SpringApplication [restartedMain] No active profile set, falling back to default profiles: default
2019-05-28 13:04:15,132 |  | DEBUG org.springframework.web.filter.GenericFilterBean [restartedMain] Filter 'slf4jMDCFilter' configured for use
2019-05-28 13:04:17,903 |  | INFO org.springframework.boot.StartupInfoLogger [restartedMain] Started ProyectoApplication in 6.829 seconds (JVM running for 298.748)
2019-05-28 13:04:31,746 |  | INFO org.springframework.boot.SpringApplication [restartedMain] No active profile set, falling back to default profiles: default
2019-05-28 13:04:34,018 |  | DEBUG org.springframework.web.filter.GenericFilterBean [restartedMain] Filter 'slf4jMDCFilter' configured for use
2019-05-28 13:04:36,123 |  | INFO org.springframework.boot.StartupInfoLogger [restartedMain] Started ProyectoApplication in 5.14 seconds (JVM running for 316.972)
2019-05-28 13:09:52,849 |  | INFO org.springframework.boot.SpringApplication [restartedMain] No active profile set, falling back to default profiles: default
2019-05-28 13:09:55,540 |  | DEBUG org.springframework.web.filter.GenericFilterBean [restartedMain] Filter 'slf4jMDCFilter' configured for use
2019-05-28 13:09:57,878 |  | INFO org.springframework.boot.StartupInfoLogger [restartedMain] Started ProyectoApplication in 6.107 seconds (JVM running for 638.727)
2019-05-28 13:55:34,336 |  | INFO org.springframework.boot.SpringApplication [restartedMain] No active profile set, falling back to default profiles: default
2019-05-28 13:55:48,583 |  | DEBUG org.springframework.web.filter.GenericFilterBean [restartedMain] Filter 'slf4jMDCFilter' configured for use
2019-05-28 13:56:26,870 |  | INFO org.springframework.boot.StartupInfoLogger [restartedMain] Started ProyectoApplication in 58.036 seconds (JVM running for 61.064)
2019-05-28 14:01:04,422 |  | INFO org.springframework.boot.SpringApplication [restartedMain] No active profile set, falling back to default profiles: default
2019-05-28 14:01:11,697 |  | DEBUG org.springframework.web.filter.GenericFilterBean [restartedMain] Filter 'slf4jMDCFilter' configured for use
2019-05-28 14:01:31,102 |  | INFO org.springframework.boot.StartupInfoLogger [restartedMain] Started ProyectoApplication in 29.169 seconds (JVM running for 35.501)
2019-05-28 14:03:10,432 | D3AF3A845854432DA73A48F758AB1F2D | INFO com.everis.controllers.SubjectController [http-nio-8081-exec-8] Los Subjects Fueron Listados
2019-05-28 14:05:51,672 | 77F3F3F6BA3C457DB3BD86929AEB57D7 | INFO com.everis.controllers.ClassController [http-nio-8081-exec-3] Las Clases Fueron Listadas
2019-05-28 14:15:43,525 |  | INFO org.springframework.boot.SpringApplication [restartedMain] No active profile set, falling back to default profiles: default
2019-05-28 14:15:46,437 |  | DEBUG org.springframework.web.filter.GenericFilterBean [restartedMain] Filter 'slf4jMDCFilter' configured for use
2019-05-28 14:24:30,336 |  | INFO org.springframework.boot.SpringApplication [restartedMain] No active profile set, falling back to default profiles: default
2019-05-28 14:24:36,467 |  | DEBUG org.springframework.web.filter.GenericFilterBean [restartedMain] Filter 'slf4jMDCFilter' configured for use
2019-05-28 14:24:53,427 |  | INFO org.springframework.boot.StartupInfoLogger [restartedMain] Started ProyectoApplication in 25.468 seconds (JVM running for 28.082)
2019-05-28 14:25:35,712 | 864E0ADDACBF40C9974A5EB1190EA821 | INFO com.everis.controllers.SubjectController [http-nio-8081-exec-2] Los Subjects Fueron Listados
2019-05-28 14:25:48,922 | 3EFFEB6E44254840990E0DCEC8FAB3A8 | INFO com.everis.controllers.TeacherController [http-nio-8081-exec-1] Los Teachers Fueron Listados
2019-05-28 14:26:03,849 | 87315BFC31CD4747BCBDD89DA2FCCFD3 | INFO com.everis.controllers.ClassController [http-nio-8081-exec-5] Las Clases Fueron Listadas
2019-05-28 14:26:18,206 | 60B45EC675AD49E3B343B41B2F656F26 | INFO com.everis.controllers.StudentClassController [http-nio-8081-exec-6] Los StudentClass fueron Listados
2019-05-28 14:29:08,802 | 74A451473C4E41259E9C71795EDD83B1 | INFO com.everis.controllers.SubjectController [http-nio-8081-exec-7] Los Subjects Fueron Listados
2019-05-28 14:29:10,238 | 16EE8550D2144E13BF213122B3F3F723 | INFO com.everis.controllers.StudentClassController [http-nio-8081-exec-10] Los StudentClass fueron Listados
2019-05-28 14:44:25,843 |  | INFO org.springframework.boot.SpringApplication [restartedMain] No active profile set, falling back to default profiles: default
2019-05-28 14:44:28,765 |  | DEBUG org.springframework.web.filter.GenericFilterBean [restartedMain] Filter 'slf4jMDCFilter' configured for use
2019-05-28 14:44:31,590 |  | INFO org.springframework.boot.StartupInfoLogger [restartedMain] Started ProyectoApplication in 6.623 seconds (JVM running for 1206.235)
2019-05-28 16:10:26,646 |  | INFO org.springframework.boot.SpringApplication [restartedMain] No active profile set, falling back to default profiles: default
2019-05-28 16:10:43,696 |  | DEBUG org.springframework.web.filter.GenericFilterBean [restartedMain] Filter 'slf4jMDCFilter' configured for use
2019-05-28 16:11:16,204 |  | INFO org.springframework.boot.StartupInfoLogger [restartedMain] Started ProyectoApplication in 62.12 seconds (JVM running for 67.843)
2019-05-28 16:30:35,842 | 7CB2F447D0664700A1A9309C8CBBBCA7 | INFO com.everis.controllers.ClassController [http-nio-8081-exec-4] Las Clases Fueron Listadas
2019-05-28 16:49:17,054 |  | INFO org.springframework.boot.SpringApplication [restartedMain] No active profile set, falling back to default profiles: default
2019-05-28 16:49:43,419 |  | DEBUG org.springframework.web.filter.GenericFilterBean [restartedMain] Filter 'slf4jMDCFilter' configured for use
2019-05-28 16:50:29,572 |  | INFO org.springframework.boot.StartupInfoLogger [restartedMain] Started ProyectoApplication in 84.851 seconds (JVM running for 94.086)
2019-05-28 16:50:56,011 | AAC77364E32A4A9093723C21E209F260 | INFO com.everis.controllers.ClassController [http-nio-8081-exec-2] Una Clase Fue Buscada
2019-05-28 16:51:11,177 | FC404246D24A4386BEE5EDB5C02A09A7 | INFO com.everis.controllers.ClassController [http-nio-8081-exec-3] Las Clases Fueron Listadas
2019-05-28 18:45:47,206 |  | INFO org.springframework.boot.SpringApplication [restartedMain] No active profile set, falling back to default profiles: default
2019-05-28 18:46:12,617 |  | DEBUG org.springframework.web.filter.GenericFilterBean [restartedMain] Filter 'slf4jMDCFilter' configured for use
2019-05-28 18:46:47,094 |  | INFO org.springframework.boot.StartupInfoLogger [restartedMain] Started ProyectoApplication in 71.415 seconds (JVM running for 74.898)
2019-05-28 18:53:12,260 |  | INFO org.springframework.boot.SpringApplication [restartedMain] No active profile set, falling back to default profiles: default
2019-05-28 18:53:15,822 |  | DEBUG org.springframework.web.filter.GenericFilterBean [restartedMain] Filter 'slf4jMDCFilter' configured for use
2019-05-28 18:53:19,982 |  | INFO org.springframework.boot.StartupInfoLogger [restartedMain] Started ProyectoApplication in 8.602 seconds (JVM running for 467.783)
2019-05-28 18:53:38,602 |  | INFO org.springframework.boot.SpringApplication [restartedMain] No active profile set, falling back to default profiles: default
2019-05-28 18:53:41,606 |  | DEBUG org.springframework.web.filter.GenericFilterBean [restartedMain] Filter 'slf4jMDCFilter' configured for use
2019-05-28 18:53:44,459 |  | INFO org.springframework.boot.StartupInfoLogger [restartedMain] Started ProyectoApplication in 6.671 seconds (JVM running for 492.26)
2019-05-28 18:53:56,125 |  | INFO org.springframework.boot.SpringApplication [restartedMain] No active profile set, falling back to default profiles: default
2019-05-28 18:53:58,813 |  | DEBUG org.springframework.web.filter.GenericFilterBean [restartedMain] Filter 'slf4jMDCFilter' configured for use
2019-05-28 18:54:01,425 |  | INFO org.springframework.boot.StartupInfoLogger [restartedMain] Started ProyectoApplication in 6.071 seconds (JVM running for 509.226)
2019-05-28 18:54:43,220 |  | INFO org.springframework.boot.SpringApplication [restartedMain] No active profile set, falling back to default profiles: default
2019-05-28 18:54:46,142 |  | DEBUG org.springframework.web.filter.GenericFilterBean [restartedMain] Filter 'slf4jMDCFilter' configured for use
2019-05-28 18:54:48,710 |  | INFO org.springframework.boot.StartupInfoLogger [restartedMain] Started ProyectoApplication in 6.473 seconds (JVM running for 556.51)
2019-05-28 18:56:33,502 |  | INFO org.springframework.boot.SpringApplication [restartedMain] No active profile set, falling back to default profiles: default
2019-05-28 18:56:36,329 |  | DEBUG org.springframework.web.filter.GenericFilterBean [restartedMain] Filter 'slf4jMDCFilter' configured for use
2019-05-28 18:56:38,947 |  | INFO org.springframework.boot.StartupInfoLogger [restartedMain] Started ProyectoApplication in 6.221 seconds (JVM running for 666.747)
2019-05-28 18:59:00,576 |  | INFO org.springframework.boot.SpringApplication [restartedMain] No active profile set, falling back to default profiles: default
2019-05-28 18:59:03,432 |  | DEBUG org.springframework.web.filter.GenericFilterBean [restartedMain] Filter 'slf4jMDCFilter' configured for use
2019-05-28 18:59:05,814 |  | INFO org.springframework.boot.StartupInfoLogger [restartedMain] Started ProyectoApplication in 6.041 seconds (JVM running for 813.612)
2019-05-28 18:59:54,377 |  | INFO org.springframework.boot.SpringApplication [restartedMain] No active profile set, falling back to default profiles: default
2019-05-28 19:00:01,025 |  | DEBUG org.springframework.web.filter.GenericFilterBean [restartedMain] Filter 'slf4jMDCFilter' configured for use
2019-05-28 19:00:11,755 |  | INFO org.springframework.boot.StartupInfoLogger [restartedMain] Started ProyectoApplication in 20.147 seconds (JVM running for 21.751)
2019-05-28 19:00:45,285 |  | INFO org.springframework.boot.SpringApplication [restartedMain] No active profile set, falling back to default profiles: default
2019-05-28 19:00:48,533 |  | DEBUG org.springframework.web.filter.GenericFilterBean [restartedMain] Filter 'slf4jMDCFilter' configured for use
2019-05-28 19:00:51,071 |  | INFO org.springframework.boot.StartupInfoLogger [restartedMain] Started ProyectoApplication in 6.707 seconds (JVM running for 61.066)
2019-05-28 19:01:35,641 |  | INFO org.springframework.boot.SpringApplication [restartedMain] No active profile set, falling back to default profiles: default
2019-05-28 19:01:42,082 |  | DEBUG org.springframework.web.filter.GenericFilterBean [restartedMain] Filter 'slf4jMDCFilter' configured for use
2019-05-28 19:01:53,127 |  | INFO org.springframework.boot.StartupInfoLogger [restartedMain] Started ProyectoApplication in 19.641 seconds (JVM running for 21.106)
2019-05-28 22:32:33,313 |  | INFO org.springframework.boot.SpringApplication [restartedMain] No active profile set, falling back to default profiles: default
2019-05-28 22:32:41,166 |  | DEBUG org.springframework.web.filter.GenericFilterBean [restartedMain] Filter 'slf4jMDCFilter' configured for use
2019-05-28 22:32:53,946 |  | INFO org.springframework.boot.StartupInfoLogger [restartedMain] Started ProyectoApplication in 22.512 seconds (JVM running for 23.858)
2019-05-28 22:39:57,848 |  | INFO org.springframework.boot.SpringApplication [restartedMain] No active profile set, falling back to default profiles: default
2019-05-28 22:40:00,202 |  | DEBUG org.springframework.web.filter.GenericFilterBean [restartedMain] Filter 'slf4jMDCFilter' configured for use
2019-05-28 22:40:03,081 |  | INFO org.springframework.boot.StartupInfoLogger [restartedMain] Started ProyectoApplication in 6.261 seconds (JVM running for 452.993)
2019-05-28 22:50:40,602 |  | INFO org.springframework.boot.SpringApplication [restartedMain] No active profile set, falling back to default profiles: default
2019-05-28 22:50:42,849 |  | DEBUG org.springframework.web.filter.GenericFilterBean [restartedMain] Filter 'slf4jMDCFilter' configured for use
2019-05-28 22:50:45,216 |  | INFO org.springframework.boot.StartupInfoLogger [restartedMain] Started ProyectoApplication in 5.354 seconds (JVM running for 1095.128)
2019-05-28 22:52:09,703 | 225EC291D82E4FE6A38593066172D75E | INFO com.everis.controllers.ClassController [http-nio-8081-exec-6] Las Clases Fueron Listadas
2019-05-28 22:55:38,977 |  | INFO org.springframework.boot.SpringApplication [restartedMain] No active profile set, falling back to default profiles: default
2019-05-28 22:55:40,939 |  | DEBUG org.springframework.web.filter.GenericFilterBean [restartedMain] Filter 'slf4jMDCFilter' configured for use
2019-05-28 22:55:42,908 |  | INFO org.springframework.boot.StartupInfoLogger [restartedMain] Started ProyectoApplication in 4.629 seconds (JVM running for 1392.82)
2019-05-28 22:56:19,450 | A19DEFE817154E0DAAF380FD9D458303 | INFO com.everis.controllers.ClassController [http-nio-8081-exec-2] Las Clases Fueron Listadas
2019-05-28 23:00:30,101 |  | INFO org.springframework.boot.SpringApplication [restartedMain] No active profile set, falling back to default profiles: default
2019-05-28 23:00:32,425 |  | DEBUG org.springframework.web.filter.GenericFilterBean [restartedMain] Filter 'slf4jMDCFilter' configured for use
2019-05-28 23:00:34,564 |  | INFO org.springframework.boot.StartupInfoLogger [restartedMain] Started ProyectoApplication in 5.234 seconds (JVM running for 1684.477)
2019-05-28 23:00:58,443 | CA133F6E28CD4F1EB511763FFDA35785 | INFO com.everis.controllers.ClassController [http-nio-8081-exec-2] Las Clases Fueron Listadas
2019-05-28 23:21:08,576 |  | INFO org.springframework.boot.SpringApplication [restartedMain] No active profile set, falling back to default profiles: default
2019-05-28 23:21:19,516 |  | DEBUG org.springframework.web.filter.GenericFilterBean [restartedMain] Filter 'slf4jMDCFilter' configured for use
2019-05-28 23:22:17,029 |  | INFO org.springframework.boot.StartupInfoLogger [restartedMain] Started ProyectoApplication in 73.2 seconds (JVM running for 76.251)
2019-05-28 23:25:08,226 |  | INFO org.springframework.boot.SpringApplication [restartedMain] No active profile set, falling back to default profiles: default
2019-05-28 23:25:10,749 |  | DEBUG org.springframework.web.filter.GenericFilterBean [restartedMain] Filter 'slf4jMDCFilter' configured for use
2019-05-28 23:25:14,029 |  | INFO org.springframework.boot.StartupInfoLogger [restartedMain] Started ProyectoApplication in 6.626 seconds (JVM running for 253.251)
2019-05-28 23:25:54,156 |  | INFO org.springframework.boot.SpringApplication [restartedMain] No active profile set, falling back to default profiles: default
2019-05-28 23:25:56,679 |  | DEBUG org.springframework.web.filter.GenericFilterBean [restartedMain] Filter 'slf4jMDCFilter' configured for use
2019-05-28 23:26:00,010 |  | INFO org.springframework.boot.StartupInfoLogger [restartedMain] Started ProyectoApplication in 6.741 seconds (JVM running for 299.232)
2019-05-28 23:26:49,534 |  | INFO org.springframework.boot.SpringApplication [restartedMain] No active profile set, falling back to default profiles: default
2019-05-28 23:26:52,744 |  | DEBUG org.springframework.web.filter.GenericFilterBean [restartedMain] Filter 'slf4jMDCFilter' configured for use
2019-05-28 23:26:55,715 |  | INFO org.springframework.boot.StartupInfoLogger [restartedMain] Started ProyectoApplication in 6.925 seconds (JVM running for 354.937)
2019-05-28 23:28:09,523 |  | INFO org.springframework.boot.SpringApplication [restartedMain] No active profile set, falling back to default profiles: default
2019-05-28 23:28:11,718 |  | DEBUG org.springframework.web.filter.GenericFilterBean [restartedMain] Filter 'slf4jMDCFilter' configured for use
2019-05-28 23:28:13,662 |  | INFO org.springframework.boot.StartupInfoLogger [restartedMain] Started ProyectoApplication in 4.967 seconds (JVM running for 432.884)
2019-05-28 23:28:39,421 |  | INFO org.springframework.boot.SpringApplication [restartedMain] No active profile set, falling back to default profiles: default
2019-05-28 23:28:41,646 |  | DEBUG org.springframework.web.filter.GenericFilterBean [restartedMain] Filter 'slf4jMDCFilter' configured for use
2019-05-28 23:28:43,825 |  | INFO org.springframework.boot.StartupInfoLogger [restartedMain] Started ProyectoApplication in 5.207 seconds (JVM running for 463.047)
2019-05-28 23:28:57,844 |  | INFO org.springframework.boot.SpringApplication [restartedMain] No active profile set, falling back to default profiles: default
2019-05-28 23:29:00,004 |  | DEBUG org.springframework.web.filter.GenericFilterBean [restartedMain] Filter 'slf4jMDCFilter' configured for use
2019-05-28 23:29:02,481 |  | INFO org.springframework.boot.StartupInfoLogger [restartedMain] Started ProyectoApplication in 5.452 seconds (JVM running for 481.702)
2019-05-28 23:33:46,927 |  | INFO org.springframework.boot.SpringApplication [restartedMain] No active profile set, falling back to default profiles: default
2019-05-28 23:33:49,469 |  | DEBUG org.springframework.web.filter.GenericFilterBean [restartedMain] Filter 'slf4jMDCFilter' configured for use
2019-05-28 23:33:51,608 |  | INFO org.springframework.boot.StartupInfoLogger [restartedMain] Started ProyectoApplication in 5.462 seconds (JVM running for 770.83)
2019-05-28 23:33:59,549 |  | INFO org.springframework.boot.SpringApplication [restartedMain] No active profile set, falling back to default profiles: default
2019-05-28 23:34:02,220 |  | DEBUG org.springframework.web.filter.GenericFilterBean [restartedMain] Filter 'slf4jMDCFilter' configured for use
2019-05-28 23:34:04,469 |  | INFO org.springframework.boot.StartupInfoLogger [restartedMain] Started ProyectoApplication in 5.768 seconds (JVM running for 783.691)
2019-05-28 23:35:16,882 |  | INFO org.springframework.boot.SpringApplication [restartedMain] No active profile set, falling back to default profiles: default
2019-05-28 23:35:20,858 |  | DEBUG org.springframework.web.filter.GenericFilterBean [restartedMain] Filter 'slf4jMDCFilter' configured for use
2019-05-28 23:35:30,395 |  | INFO org.springframework.boot.StartupInfoLogger [restartedMain] Started ProyectoApplication in 15.484 seconds (JVM running for 869.617)
2019-05-28 23:35:36,118 |  | INFO org.springframework.boot.SpringApplication [restartedMain] No active profile set, falling back to default profiles: default
2019-05-28 23:35:39,559 |  | DEBUG org.springframework.web.filter.GenericFilterBean [restartedMain] Filter 'slf4jMDCFilter' configured for use
2019-05-28 23:35:44,072 |  | INFO org.springframework.boot.StartupInfoLogger [restartedMain] Started ProyectoApplication in 9.608 seconds (JVM running for 883.294)
2019-05-28 23:36:17,812 |  | INFO org.springframework.boot.SpringApplication [restartedMain] No active profile set, falling back to default profiles: default
2019-05-28 23:36:23,616 |  | DEBUG org.springframework.web.filter.GenericFilterBean [restartedMain] Filter 'slf4jMDCFilter' configured for use
2019-05-28 23:40:42,804 |  | INFO org.springframework.boot.SpringApplication [restartedMain] No active profile set, falling back to default profiles: default
2019-05-28 23:40:57,158 |  | DEBUG org.springframework.web.filter.GenericFilterBean [restartedMain] Filter 'slf4jMDCFilter' configured for use
2019-05-28 23:41:28,570 |  | INFO org.springframework.boot.StartupInfoLogger [restartedMain] Started ProyectoApplication in 49.165 seconds (JVM running for 52.354)
2019-05-28 23:45:22,397 |  | INFO org.springframework.boot.SpringApplication [restartedMain] No active profile set, falling back to default profiles: default
2019-05-28 23:45:30,670 |  | DEBUG org.springframework.web.filter.GenericFilterBean [restartedMain] Filter 'slf4jMDCFilter' configured for use
2019-05-28 23:45:46,329 |  | INFO org.springframework.boot.StartupInfoLogger [restartedMain] Started ProyectoApplication in 25.763 seconds (JVM running for 310.113)
2019-05-28 23:49:55,553 |  | INFO org.springframework.boot.SpringApplication [restartedMain] No active profile set, falling back to default profiles: default
2019-05-28 23:49:58,237 |  | DEBUG org.springframework.web.filter.GenericFilterBean [restartedMain] Filter 'slf4jMDCFilter' configured for use
2019-05-28 23:50:00,861 |  | INFO org.springframework.boot.StartupInfoLogger [restartedMain] Started ProyectoApplication in 6.388 seconds (JVM running for 564.645)
